<?xml version="1.0" encoding="UTF-8" ?>
<testsuite failures="0" time="0.441" errors="0" skipped="0" tests="4" name="org.jboss.tools.example.springmvc.test.MemberDaoTest">
  <properties>
    <property name="java.vendor" value="Oracle Corporation"/>
    <property name="JOB_NAME" value="new_test1"/>
    <property name="PWD" value="/home/akila/apache-tomcat-8.0.23/bin"/>
    <property name="sun.java.launcher" value="SUN_STANDARD"/>
    <property name="sun.management.compiler" value="HotSpot 64-Bit Tiered Compilers"/>
    <property name="JENKINS_HOME" value="/home/akila/.jenkins"/>
    <property name="PATH" value="/home/javadk/jdk1.7.0_60/bin:~/apache-ant-1.9.5/bin:/usr/local/apache-maven/apache-maven-3.1.1/bin:/home/javadk/jdk1.7.0_60/bin:/usr/lib64/qt-3.3/bin:/usr/local/bin:/usr/bin:/bin:/usr/local/sbin:/usr/sbin:/home/akila/.local/bin:/home/akila/bin"/>
    <property name="HUDSON_SERVER_COOKIE" value="4f152a7ee06094bb"/>
    <property name="os.name" value="Linux"/>
    <property name="GDM_LANG" value="en_US.UTF-8"/>
    <property name="sun.boot.class.path" value="/home/javadk/jdk1.7.0_60/jre/lib/resources.jar:/home/javadk/jdk1.7.0_60/jre/lib/rt.jar:/home/javadk/jdk1.7.0_60/jre/lib/sunrsasign.jar:/home/javadk/jdk1.7.0_60/jre/lib/jsse.jar:/home/javadk/jdk1.7.0_60/jre/lib/jce.jar:/home/javadk/jdk1.7.0_60/jre/lib/charsets.jar:/home/javadk/jdk1.7.0_60/jre/lib/jfr.jar:/home/javadk/jdk1.7.0_60/jre/classes"/>
    <property name="EXECUTOR_NUMBER" value="0"/>
    <property name="sun.desktop" value="gnome"/>
    <property name="java.vm.specification.vendor" value="Oracle Corporation"/>
    <property name="XDG_RUNTIME_DIR" value="/run/user/1000"/>
    <property name="NODE_LABELS" value="master"/>
    <property name="WINDOWID" value="52428811"/>
    <property name="java.runtime.version" value="1.7.0_60-b19"/>
    <property name="ANT_HOME" value="~/apache-ant-1.9.5"/>
    <property name="XDG_SEAT" value="seat0"/>
    <property name="user.name" value="akila"/>
    <property name="HISTCONTROL" value="ignoredups"/>
    <property name="guice.disable.misplaced.annotation.check" value="true"/>
    <property name="user.language" value="en"/>
    <property name="BUILD_DISPLAY_NAME" value="#1"/>
    <property name="sun.boot.library.path" value="/home/javadk/jdk1.7.0_60/jre/lib/amd64"/>
    <property name="DISPLAY" value=":0"/>
    <property name="GDMSESSION" value="gnome"/>
    <property name="java.version" value="1.7.0_60"/>
    <property name="user.timezone" value="Asia/Colombo"/>
    <property name="sun.arch.data.model" value="64"/>
    <property name="NODE_NAME" value="master"/>
    <property name="TERM" value="xterm-256color"/>
    <property name="NLSPATH" value="/usr/dt/lib/nls/msg/%L/%N.cat"/>
    <property name="java.endorsed.dirs" value="/home/javadk/jdk1.7.0_60/jre/lib/endorsed"/>
    <property name="BUILD_ID" value="1"/>
    <property name="java.rmi.server.randomIDs" value="true"/>
    <property name="sun.cpu.isalist" value=""/>
    <property name="sun.jnu.encoding" value="UTF-8"/>
    <property name="file.encoding.pkg" value="sun.io"/>
    <property name="SHELL" value="/bin/bash"/>
    <property name="QTLIB" value="/usr/lib64/qt-3.3/lib"/>
    <property name="file.separator" value="/"/>
    <property name="java.specification.name" value="Java Platform API Specification"/>
    <property name="java.class.version" value="51.0"/>
    <property name="org.slf4j.simpleLogger.defaultLogLevel" value="info"/>
    <property name="user.country" value="US"/>
    <property name="securerandom.source" value="file:/dev/./urandom"/>
    <property name="java.home" value="/home/javadk/jdk1.7.0_60/jre"/>
    <property name="java.vm.info" value="mixed mode"/>
    <property name="LESSOPEN" value="||/usr/bin/lesspipe.sh %s"/>
    <property name="os.version" value="3.19.8-100.fc20.x86_64"/>
    <property name="GNOME_KEYRING_CONTROL" value="/run/user/1000/keyring-CUWylx"/>
    <property name="SESSION_MANAGER" value="local/unix:@/tmp/.ICE-unix/1880,unix/unix:/tmp/.ICE-unix/1880"/>
    <property name="WINDOWPATH" value="1"/>
    <property name="sun.font.fontmanager" value="sun.awt.X11FontManager"/>
    <property name="path.separator" value=":"/>
    <property name="java.vm.version" value="24.60-b09"/>
    <property name="DESKTOP_SESSION" value="gnome"/>
    <property name="SHLVL" value="3"/>
    <property name="QT_IM_MODULE" value="ibus"/>
    <property name="_" value="/home/javadk/jdk1.7.0_60/bin/java"/>
    <property name="java.awt.printerjob" value="sun.print.PSPrinterJob"/>
    <property name="JAVA_HOME" value="/home/javadk/jdk1.7.0_60"/>
    <property name="sun.io.unicode.encoding" value="UnicodeLittle"/>
    <property name="QTDIR" value="/usr/lib64/qt-3.3"/>
    <property name="XDG_MENU_PREFIX" value="gnome-"/>
    <property name="awt.toolkit" value="sun.awt.X11.XToolkit"/>
    <property name="LOGNAME" value="akila"/>
    <property name="GNOME_KEYRING_PID" value="1819"/>
    <property name="HOME" value="/home/akila"/>
    <property name="XMODIFIERS" value="@im=ibus"/>
    <property name="user.home" value="/home/akila"/>
    <property name="BUILD_TAG" value="jenkins-new_test1-1"/>
    <property name="JENKINS_SERVER_COOKIE" value="4f152a7ee06094bb"/>
    <property name="HUDSON_URL" value="http://localhost:8080/jenkins/"/>
    <property name="DBUS_SESSION_BUS_ADDRESS" value="unix:abstract=/tmp/dbus-uYJZxYGw6G,guid=ba87d978c151bbd0befbd8d055811204"/>
    <property name="java.specification.vendor" value="Oracle Corporation"/>
    <property name="XDG_SESSION_ID" value="1"/>
    <property name="CLASSPATH" value=""/>
    <property name="java.vendor.url" value="http://java.oracle.com/"/>
    <property name="java.library.path" value="/usr/java/packages/lib/amd64:/usr/lib64:/lib64:/lib:/usr/lib"/>
    <property name="QTINC" value="/usr/lib64/qt-3.3/include"/>
    <property name="java.vm.vendor" value="Oracle Corporation"/>
    <property name="HISTSIZE" value="1000"/>
    <property name="QT_GRAPHICSSYSTEM_CHECKED" value="1"/>
    <property name="java.runtime.name" value="Java(TM) SE Runtime Environment"/>
    <property name="maven.home" value="/usr/local/apache-maven/apache-maven-3.1.1"/>
    <property name="XDG_VTNR" value="1"/>
    <property name="java.class.path" value="/home/akila/.jenkins/plugins/maven-plugin/WEB-INF/lib/maven31-agent-1.5.jar:/usr/local/apache-maven/apache-maven-3.1.1/boot/plexus-classworlds-2.5.1.jar:/usr/local/apache-maven/apache-maven-3.1.1/conf/logging"/>
    <property name="sun.java.command" value="jenkins.maven3.agent.Maven31Main /usr/local/apache-maven/apache-maven-3.1.1 /home/akila/apache-tomcat-8.0.23/webapps/jenkins/WEB-INF/lib/remoting-2.51.jar /home/akila/.jenkins/plugins/maven-plugin/WEB-INF/lib/maven31-interceptor-1.5.jar /home/akila/.jenkins/plugins/maven-plugin/WEB-INF/lib/maven3-interceptor-commons-1.5.jar 43925"/>
    <property name="java.vm.specification.name" value="Java Virtual Machine Specification"/>
    <property name="PATH+JDK" value="/home/javadk/jdk1.7.0_60/bin"/>
    <property name="java.vm.specification.version" value="1.7"/>
    <property name="GJS_DEBUG_TOPICS" value="JS ERROR;JS LOG"/>
    <property name="sun.os.patch.level" value="unknown"/>
    <property name="sun.cpu.endian" value="little"/>
    <property name="M2_HOME" value="/usr/local/apache-maven/apache-maven-3.1.1"/>
    <property name="MAIL" value="/var/spool/mail/akila"/>
    <property name="VTE_VERSION" value="3409"/>
    <property name="java.io.tmpdir" value="/tmp"/>
    <property name="HOSTNAME" value="localhost.localdomain"/>
    <property name="HUDSON_HOME" value="/home/akila/.jenkins"/>
    <property name="PATH+MAVEN" value="/usr/local/apache-maven/apache-maven-3.1.1/bin"/>
    <property name="BUILD_URL" value="http://localhost:8080/jenkins/job/new_test1/1/"/>
    <property name="java.vendor.url.bug" value="http://bugreport.sun.com/bugreport/"/>
    <property name="GJS_DEBUG_OUTPUT" value="stderr"/>
    <property name="LS_COLORS" value="rs=0:di=38;5;33:ln=38;5;51:mh=00:pi=40;38;5;11:so=38;5;13:do=38;5;5:bd=48;5;232;38;5;11:cd=48;5;232;38;5;3:or=48;5;232;38;5;9:mi=01;05;37;41:su=48;5;196;38;5;15:sg=48;5;11;38;5;16:ca=48;5;196;38;5;226:tw=48;5;10;38;5;16:ow=48;5;10;38;5;21:st=48;5;21;38;5;15:ex=38;5;40:*.tar=38;5;9:*.tgz=38;5;9:*.arc=38;5;9:*.arj=38;5;9:*.taz=38;5;9:*.lha=38;5;9:*.lzh=38;5;9:*.lzma=38;5;9:*.tlz=38;5;9:*.txz=38;5;9:*.tzo=38;5;9:*.t7z=38;5;9:*.zip=38;5;9:*.z=38;5;9:*.Z=38;5;9:*.dz=38;5;9:*.gz=38;5;9:*.lrz=38;5;9:*.lz=38;5;9:*.lzo=38;5;9:*.xz=38;5;9:*.bz2=38;5;9:*.bz=38;5;9:*.tbz=38;5;9:*.tbz2=38;5;9:*.tz=38;5;9:*.deb=38;5;9:*.rpm=38;5;9:*.jar=38;5;9:*.war=38;5;9:*.ear=38;5;9:*.sar=38;5;9:*.rar=38;5;9:*.alz=38;5;9:*.ace=38;5;9:*.zoo=38;5;9:*.cpio=38;5;9:*.7z=38;5;9:*.rz=38;5;9:*.cab=38;5;9:*.jpg=38;5;13:*.jpeg=38;5;13:*.gif=38;5;13:*.bmp=38;5;13:*.pbm=38;5;13:*.pgm=38;5;13:*.ppm=38;5;13:*.tga=38;5;13:*.xbm=38;5;13:*.xpm=38;5;13:*.tif=38;5;13:*.tiff=38;5;13:*.png=38;5;13:*.svg=38;5;13:*.svgz=38;5;13:*.mng=38;5;13:*.pcx=38;5;13:*.mov=38;5;13:*.mpg=38;5;13:*.mpeg=38;5;13:*.m2v=38;5;13:*.mkv=38;5;13:*.ogm=38;5;13:*.mp4=38;5;13:*.m4v=38;5;13:*.mp4v=38;5;13:*.vob=38;5;13:*.qt=38;5;13:*.nuv=38;5;13:*.wmv=38;5;13:*.asf=38;5;13:*.rm=38;5;13:*.rmvb=38;5;13:*.flc=38;5;13:*.avi=38;5;13:*.fli=38;5;13:*.flv=38;5;13:*.gl=38;5;13:*.dl=38;5;13:*.xcf=38;5;13:*.xwd=38;5;13:*.yuv=38;5;13:*.cgm=38;5;13:*.emf=38;5;13:*.ogv=38;5;13:*.ogx=38;5;13:*.aac=38;5;45:*.au=38;5;45:*.flac=38;5;45:*.m4a=38;5;45:*.mid=38;5;45:*.midi=38;5;45:*.mka=38;5;45:*.mp3=38;5;45:*.mpc=38;5;45:*.ogg=38;5;45:*.ra=38;5;45:*.wav=38;5;45:*.oga=38;5;45:*.opus=38;5;45:*.spx=38;5;45:*.xspf=38;5;45:"/>
    <property name="GNOME_DESKTOP_SESSION_ID" value="this-is-deprecated"/>
    <property name="SSH_AUTH_SOCK" value="/run/user/1000/keyring-CUWylx/ssh"/>
    <property name="MAVEN_OPTS" value="-Xms1024m -Xmx2048m -XX:PermSize=256M -XX:MaxPermSize=1024M"/>
    <property name="java.awt.graphicsenv" value="sun.awt.X11GraphicsEnvironment"/>
    <property name="os.arch" value="amd64"/>
    <property name="java.ext.dirs" value="/home/javadk/jdk1.7.0_60/jre/lib/ext:/usr/java/packages/lib/ext"/>
    <property name="user.dir" value="/home/akila/sanuja/jenkins_wrkspc/jenkins-test1"/>
    <property name="JOB_URL" value="http://localhost:8080/jenkins/job/new_test1/"/>
    <property name="line.separator" value="
"/>
    <property name="MAVEN_HOME" value="/usr/local/apache-maven/apache-maven-3.1.1"/>
    <property name="XAUTHORITY" value="/run/gdm/auth-for-akila-Iyjdvx/database"/>
    <property name="java.vm.name" value="Java HotSpot(TM) 64-Bit Server VM"/>
    <property name="BUILD_NUMBER" value="1"/>
    <property name="JENKINS_URL" value="http://localhost:8080/jenkins/"/>
    <property name="GPG_AGENT_INFO" value="/run/user/1000/keyring-CUWylx/gpg:0:1"/>
    <property name="COLORTERM" value="gnome-terminal"/>
    <property name="file.encoding" value="UTF-8"/>
    <property name="LANG" value="en_US.UTF-8"/>
    <property name="maven3.interceptor" value="/home/akila/.jenkins/plugins/maven-plugin/WEB-INF/lib/maven31-interceptor-1.5.jar"/>
    <property name="WORKSPACE" value="/home/akila/sanuja/jenkins_wrkspc/jenkins-test1"/>
    <property name="maven3.interceptor.common" value="/home/akila/.jenkins/plugins/maven-plugin/WEB-INF/lib/maven3-interceptor-commons-1.5.jar"/>
    <property name="java.specification.version" value="1.7"/>
    <property name="USER" value="akila"/>
    <property name="XFILESEARCHPATH" value="/usr/dt/app-defaults/%L/Dt"/>
  </properties>
  <testcase time="0.376" classname="org.jboss.tools.example.springmvc.test.MemberDaoTest" name="testRegister"/>
  <testcase time="0.014" classname="org.jboss.tools.example.springmvc.test.MemberDaoTest" name="testFindById"/>
  <testcase time="0.034" classname="org.jboss.tools.example.springmvc.test.MemberDaoTest" name="testFindByEmail"/>
  <testcase time="0.017" classname="org.jboss.tools.example.springmvc.test.MemberDaoTest" name="testFindAllOrderedByName"/>
</testsuite>